Line 17: Class HookMenu.XpMenu of control XpMenu1 was not a loaded control class.
Line 20: The property name _ExtentX in XpMenu1 is invalid.
Line 21: The property name _ExtentY in XpMenu1 is invalid.
Line 22: The property name BmpCount in XpMenu1 is invalid.
Line 23: The property name CheckBorderColor in XpMenu1 is invalid.
Line 24: The property name SelMenuBorder in XpMenu1 is invalid.
Line 25: The property name SelMenuBackColor in XpMenu1 is invalid.
Line 26: The property name SelMenuForeColor in XpMenu1 is invalid.
Line 27: The property name SelCheckBackColor in XpMenu1 is invalid.
Line 28: The property name MenuBorderColor in XpMenu1 is invalid.
Line 29: The property name SeparatorColor in XpMenu1 is invalid.
Line 30: The property name MenuBackColor in XpMenu1 is invalid.
Line 31: The property name MenuForeColor in XpMenu1 is invalid.
Line 32: The property name CheckBackColor in XpMenu1 is invalid.
Line 33: The property name CheckForeColor in XpMenu1 is invalid.
Line 34: The property name DisabledMenuBorderColor in XpMenu1 is invalid.
Line 35: The property name DisabledMenuBackColor in XpMenu1 is invalid.
Line 36: The property name DisabledMenuForeColor in XpMenu1 is invalid.
Line 37: The property name MenuBarBackColor in XpMenu1 is invalid.
Line 38: The property name MenuPopupBackColor in XpMenu1 is invalid.
Line 39: The property name ShortCutNormalColor in XpMenu1 is invalid.
Line 40: The property name ShortCutSelectColor in XpMenu1 is invalid.
Line 41: The property name ArrowNormalColor in XpMenu1 is invalid.
Line 42: The property name ArrowSelectColor in XpMenu1 is invalid.
Line 43: The property name ShadowColor in XpMenu1 is invalid.
Line 44: The property name Bmp:1 in XpMenu1 is invalid.
Line 45: The property name Key:1 in XpMenu1 is invalid.
Line 46: The property name Bmp:2 in XpMenu1 is invalid.
Line 47: The property name Mask:2 in XpMenu1 is invalid.
Line 48: The property name Key:2 in XpMenu1 is invalid.
Line 49: The property name Bmp:3 in XpMenu1 is invalid.
Line 50: The property name Key:3 in XpMenu1 is invalid.
Line 51: The property name Bmp:4 in XpMenu1 is invalid.
Line 52: The property name Mask:4 in XpMenu1 is invalid.
Line 53: The property name Key:4 in XpMenu1 is invalid.
Line 54: The property name Bmp:5 in XpMenu1 is invalid.
Line 55: The property name Key:5 in XpMenu1 is invalid.
Line 56: The property name Bmp:6 in XpMenu1 is invalid.
Line 57: The property name Key:6 in XpMenu1 is invalid.
Line 58: The property name Bmp:7 in XpMenu1 is invalid.
Line 59: The property name Key:7 in XpMenu1 is invalid.
Line 60: The property name Bmp:8 in XpMenu1 is invalid.
Line 61: The property name Key:8 in XpMenu1 is invalid.
Line 62: The property name Bmp:9 in XpMenu1 is invalid.
Line 63: The property name Mask:9 in XpMenu1 is invalid.
Line 64: The property name Key:9 in XpMenu1 is invalid.
Line 65: The property name Bmp:10 in XpMenu1 is invalid.
Line 66: The property name Key:10 in XpMenu1 is invalid.
Line 67: The property name Bmp:11 in XpMenu1 is invalid.
Line 68: The property name Key:11 in XpMenu1 is invalid.
Line 69: The property name Bmp:12 in XpMenu1 is invalid.
Line 70: The property name Key:12 in XpMenu1 is invalid.
Line 71: The property name Bmp:13 in XpMenu1 is invalid.
Line 72: The property name Key:13 in XpMenu1 is invalid.
Line 73: The property name Bmp:14 in XpMenu1 is invalid.
Line 74: The property name Key:14 in XpMenu1 is invalid.
Line 75: The property name Bmp:15 in XpMenu1 is invalid.
Line 76: The property name Key:15 in XpMenu1 is invalid.
Line 77: The property name Bmp:16 in XpMenu1 is invalid.
Line 78: The property name Key:16 in XpMenu1 is invalid.
Line 79: The property name Bmp:17 in XpMenu1 is invalid.
Line 80: The property name Key:17 in XpMenu1 is invalid.
Line 81: The property name Bmp:18 in XpMenu1 is invalid.
Line 82: The property name Key:18 in XpMenu1 is invalid.
Line 83: The property name Bmp:19 in XpMenu1 is invalid.
Line 84: The property name Key:19 in XpMenu1 is invalid.
Line 85: The property name Bmp:20 in XpMenu1 is invalid.
Line 86: The property name Key:20 in XpMenu1 is invalid.
Line 87: The property name Bmp:21 in XpMenu1 is invalid.
Line 88: The property name Key:21 in XpMenu1 is invalid.
Line 89: The property name Bmp:22 in XpMenu1 is invalid.
Line 90: The property name Key:22 in XpMenu1 is invalid.
Line 91: The property name Bmp:23 in XpMenu1 is invalid.
Line 92: The property name Key:23 in XpMenu1 is invalid.
Line 93: The property name Bmp:24 in XpMenu1 is invalid.
Line 94: The property name Key:24 in XpMenu1 is invalid.
Line 95: The property name Bmp:25 in XpMenu1 is invalid.
Line 96: The property name Key:25 in XpMenu1 is invalid.
Line 20: The property name _ExtentX in XpMenu1 is invalid.
Line 21: The property name _ExtentY in XpMenu1 is invalid.
Line 22: The property name BmpCount in XpMenu1 is invalid.
Line 23: The property name CheckBorderColor in XpMenu1 is invalid.
Line 24: The property name SelMenuBorder in XpMenu1 is invalid.
Line 25: The property name SelMenuBackColor in XpMenu1 is invalid.
Line 26: The property name SelMenuForeColor in XpMenu1 is invalid.
Line 27: The property name SelCheckBackColor in XpMenu1 is invalid.
Line 28: The property name MenuBorderColor in XpMenu1 is invalid.
Line 29: The property name SeparatorColor in XpMenu1 is invalid.
Line 30: The property name MenuBackColor in XpMenu1 is invalid.
Line 31: The property name MenuForeColor in XpMenu1 is invalid.
Line 32: The property name CheckBackColor in XpMenu1 is invalid.
Line 33: The property name CheckForeColor in XpMenu1 is invalid.
Line 34: The property name DisabledMenuBorderColor in XpMenu1 is invalid.
Line 35: The property name DisabledMenuBackColor in XpMenu1 is invalid.
Line 36: The property name DisabledMenuForeColor in XpMenu1 is invalid.
Line 37: The property name MenuBarBackColor in XpMenu1 is invalid.
Line 38: The property name MenuPopupBackColor in XpMenu1 is invalid.
Line 39: The property name ShortCutNormalColor in XpMenu1 is invalid.
Line 40: The property name ShortCutSelectColor in XpMenu1 is invalid.
Line 41: The property name ArrowNormalColor in XpMenu1 is invalid.
Line 42: The property name ArrowSelectColor in XpMenu1 is invalid.
Line 43: The property name ShadowColor in XpMenu1 is invalid.
Line 44: The property name Bmp:1 in XpMenu1 is invalid.
Line 45: The property name Key:1 in XpMenu1 is invalid.
Line 46: The property name Bmp:2 in XpMenu1 is invalid.
Line 47: The property name Mask:2 in XpMenu1 is invalid.
Line 48: The property name Key:2 in XpMenu1 is invalid.
Line 49: The property name Bmp:3 in XpMenu1 is invalid.
Line 50: The property name Key:3 in XpMenu1 is invalid.
Line 51: The property name Bmp:4 in XpMenu1 is invalid.
Line 52: The property name Mask:4 in XpMenu1 is invalid.
Line 53: The property name Key:4 in XpMenu1 is invalid.
Line 54: The property name Bmp:5 in XpMenu1 is invalid.
Line 55: The property name Key:5 in XpMenu1 is invalid.
Line 56: The property name Bmp:6 in XpMenu1 is invalid.
Line 57: The property name Key:6 in XpMenu1 is invalid.
Line 58: The property name Bmp:7 in XpMenu1 is invalid.
Line 59: The property name Key:7 in XpMenu1 is invalid.
Line 60: The property name Bmp:8 in XpMenu1 is invalid.
Line 61: The property name Key:8 in XpMenu1 is invalid.
Line 62: The property name Bmp:9 in XpMenu1 is invalid.
Line 63: The property name Mask:9 in XpMenu1 is invalid.
Line 64: The property name Key:9 in XpMenu1 is invalid.
Line 65: The property name Bmp:10 in XpMenu1 is invalid.
Line 66: The property name Key:10 in XpMenu1 is invalid.
Line 67: The property name Bmp:11 in XpMenu1 is invalid.
Line 68: The property name Key:11 in XpMenu1 is invalid.
Line 69: The property name Bmp:12 in XpMenu1 is invalid.
Line 70: The property name Key:12 in XpMenu1 is invalid.
Line 71: The property name Bmp:13 in XpMenu1 is invalid.
Line 72: The property name Key:13 in XpMenu1 is invalid.
Line 73: The property name Bmp:14 in XpMenu1 is invalid.
Line 74: The property name Key:14 in XpMenu1 is invalid.
Line 75: The property name Bmp:15 in XpMenu1 is invalid.
Line 76: The property name Key:15 in XpMenu1 is invalid.
Line 77: The property name Bmp:16 in XpMenu1 is invalid.
Line 78: The property name Key:16 in XpMenu1 is invalid.
Line 79: The property name Bmp:17 in XpMenu1 is invalid.
Line 80: The property name Key:17 in XpMenu1 is invalid.
Line 81: The property name Bmp:18 in XpMenu1 is invalid.
Line 82: The property name Key:18 in XpMenu1 is invalid.
Line 83: The property name Bmp:19 in XpMenu1 is invalid.
Line 84: The property name Key:19 in XpMenu1 is invalid.
Line 85: The property name Bmp:20 in XpMenu1 is invalid.
Line 86: The property name Key:20 in XpMenu1 is invalid.
Line 87: The property name Bmp:21 in XpMenu1 is invalid.
Line 88: The property name Key:21 in XpMenu1 is invalid.
Line 89: The property name Bmp:22 in XpMenu1 is invalid.
Line 90: The property name Key:22 in XpMenu1 is invalid.
Line 91: The property name Bmp:23 in XpMenu1 is invalid.
Line 92: The property name Key:23 in XpMenu1 is invalid.
Line 93: The property name Bmp:24 in XpMenu1 is invalid.
Line 94: The property name Key:24 in XpMenu1 is invalid.
Line 95: The property name Bmp:25 in XpMenu1 is invalid.
Line 96: The property name Key:25 in XpMenu1 is invalid.
Line 20: The property name _ExtentX in XpMenu1 is invalid.
Line 21: The property name _ExtentY in XpMenu1 is invalid.
Line 22: The property name BmpCount in XpMenu1 is invalid.
Line 23: The property name CheckBorderColor in XpMenu1 is invalid.
Line 24: The property name SelMenuBorder in XpMenu1 is invalid.
Line 25: The property name SelMenuBackColor in XpMenu1 is invalid.
Line 26: The property name SelMenuForeColor in XpMenu1 is invalid.
Line 27: The property name SelCheckBackColor in XpMenu1 is invalid.
Line 28: The property name MenuBorderColor in XpMenu1 is invalid.
Line 29: The property name SeparatorColor in XpMenu1 is invalid.
Line 30: The property name MenuBackColor in XpMenu1 is invalid.
Line 31: The property name MenuForeColor in XpMenu1 is invalid.
Line 32: The property name CheckBackColor in XpMenu1 is invalid.
Line 33: The property name CheckForeColor in XpMenu1 is invalid.
Line 34: The property name DisabledMenuBorderColor in XpMenu1 is invalid.
Line 35: The property name DisabledMenuBackColor in XpMenu1 is invalid.
Line 36: The property name DisabledMenuForeColor in XpMenu1 is invalid.
Line 37: The property name MenuBarBackColor in XpMenu1 is invalid.
Line 38: The property name MenuPopupBackColor in XpMenu1 is invalid.
Line 39: The property name ShortCutNormalColor in XpMenu1 is invalid.
Line 40: The property name ShortCutSelectColor in XpMenu1 is invalid.
Line 41: The property name ArrowNormalColor in XpMenu1 is invalid.
Line 42: The property name ArrowSelectColor in XpMenu1 is invalid.
Line 43: The property name ShadowColor in XpMenu1 is invalid.
Line 44: The property name Bmp:1 in XpMenu1 is invalid.
Line 45: The property name Key:1 in XpMenu1 is invalid.
Line 46: The property name Bmp:2 in XpMenu1 is invalid.
Line 47: The property name Mask:2 in XpMenu1 is invalid.
Line 48: The property name Key:2 in XpMenu1 is invalid.
Line 49: The property name Bmp:3 in XpMenu1 is invalid.
Line 50: The property name Key:3 in XpMenu1 is invalid.
Line 51: The property name Bmp:4 in XpMenu1 is invalid.
Line 52: The property name Mask:4 in XpMenu1 is invalid.
Line 53: The property name Key:4 in XpMenu1 is invalid.
Line 54: The property name Bmp:5 in XpMenu1 is invalid.
Line 55: The property name Key:5 in XpMenu1 is invalid.
Line 56: The property name Bmp:6 in XpMenu1 is invalid.
Line 57: The property name Key:6 in XpMenu1 is invalid.
Line 58: The property name Bmp:7 in XpMenu1 is invalid.
Line 59: The property name Key:7 in XpMenu1 is invalid.
Line 60: The property name Bmp:8 in XpMenu1 is invalid.
Line 61: The property name Key:8 in XpMenu1 is invalid.
Line 62: The property name Bmp:9 in XpMenu1 is invalid.
Line 63: The property name Mask:9 in XpMenu1 is invalid.
Line 64: The property name Key:9 in XpMenu1 is invalid.
Line 65: The property name Bmp:10 in XpMenu1 is invalid.
Line 66: The property name Key:10 in XpMenu1 is invalid.
Line 67: The property name Bmp:11 in XpMenu1 is invalid.
Line 68: The property name Key:11 in XpMenu1 is invalid.
Line 69: The property name Bmp:12 in XpMenu1 is invalid.
Line 70: The property name Key:12 in XpMenu1 is invalid.
Line 71: The property name Bmp:13 in XpMenu1 is invalid.
Line 72: The property name Key:13 in XpMenu1 is invalid.
Line 73: The property name Bmp:14 in XpMenu1 is invalid.
Line 74: The property name Key:14 in XpMenu1 is invalid.
Line 75: The property name Bmp:15 in XpMenu1 is invalid.
Line 76: The property name Key:15 in XpMenu1 is invalid.
Line 77: The property name Bmp:16 in XpMenu1 is invalid.
Line 78: The property name Key:16 in XpMenu1 is invalid.
Line 79: The property name Bmp:17 in XpMenu1 is invalid.
Line 80: The property name Key:17 in XpMenu1 is invalid.
Line 81: The property name Bmp:18 in XpMenu1 is invalid.
Line 82: The property name Key:18 in XpMenu1 is invalid.
Line 83: The property name Bmp:19 in XpMenu1 is invalid.
Line 84: The property name Key:19 in XpMenu1 is invalid.
Line 85: The property name Bmp:20 in XpMenu1 is invalid.
Line 86: The property name Key:20 in XpMenu1 is invalid.
Line 87: The property name Bmp:21 in XpMenu1 is invalid.
Line 88: The property name Key:21 in XpMenu1 is invalid.
Line 89: The property name Bmp:22 in XpMenu1 is invalid.
Line 90: The property name Key:22 in XpMenu1 is invalid.
Line 91: The property name Bmp:23 in XpMenu1 is invalid.
Line 92: The property name Key:23 in XpMenu1 is invalid.
Line 93: The property name Bmp:24 in XpMenu1 is invalid.
Line 94: The property name Key:24 in XpMenu1 is invalid.
Line 95: The property name Bmp:25 in XpMenu1 is invalid.
Line 96: The property name Key:25 in XpMenu1 is invalid.
