Line 164: Class HookMenu.XpMenu of control XpMenu1 was not a loaded control class.
Line 167: The property name _ExtentX in XpMenu1 is invalid.
Line 168: The property name _ExtentY in XpMenu1 is invalid.
Line 169: The property name BmpCount in XpMenu1 is invalid.
Line 170: The property name CheckBorderColor in XpMenu1 is invalid.
Line 171: The property name SelMenuBorder in XpMenu1 is invalid.
Line 172: The property name SelMenuBackColor in XpMenu1 is invalid.
Line 173: The property name SelMenuForeColor in XpMenu1 is invalid.
Line 174: The property name SelCheckBackColor in XpMenu1 is invalid.
Line 175: The property name MenuBorderColor in XpMenu1 is invalid.
Line 176: The property name SeparatorColor in XpMenu1 is invalid.
Line 177: The property name MenuBackColor in XpMenu1 is invalid.
Line 178: The property name MenuForeColor in XpMenu1 is invalid.
Line 179: The property name CheckBackColor in XpMenu1 is invalid.
Line 180: The property name CheckForeColor in XpMenu1 is invalid.
Line 181: The property name DisabledMenuBorderColor in XpMenu1 is invalid.
Line 182: The property name DisabledMenuBackColor in XpMenu1 is invalid.
Line 183: The property name DisabledMenuForeColor in XpMenu1 is invalid.
Line 184: The property name MenuBarBackColor in XpMenu1 is invalid.
Line 185: The property name MenuPopupBackColor in XpMenu1 is invalid.
Line 186: The property name ShortCutNormalColor in XpMenu1 is invalid.
Line 187: The property name ShortCutSelectColor in XpMenu1 is invalid.
Line 188: The property name ArrowNormalColor in XpMenu1 is invalid.
Line 189: The property name ArrowSelectColor in XpMenu1 is invalid.
Line 190: The property name ShadowColor in XpMenu1 is invalid.
Line 191: The property name Bmp:1 in XpMenu1 is invalid.
Line 192: The property name Mask:1 in XpMenu1 is invalid.
Line 193: The property name Key:1 in XpMenu1 is invalid.
Line 194: The property name Bmp:2 in XpMenu1 is invalid.
Line 195: The property name Mask:2 in XpMenu1 is invalid.
Line 196: The property name Key:2 in XpMenu1 is invalid.
Line 197: The property name Bmp:3 in XpMenu1 is invalid.
Line 198: The property name Mask:3 in XpMenu1 is invalid.
Line 199: The property name Key:3 in XpMenu1 is invalid.
Line 200: The property name Bmp:4 in XpMenu1 is invalid.
Line 201: The property name Key:4 in XpMenu1 is invalid.
Line 202: The property name Bmp:5 in XpMenu1 is invalid.
Line 203: The property name Mask:5 in XpMenu1 is invalid.
Line 204: The property name Key:5 in XpMenu1 is invalid.
Line 205: The property name Bmp:6 in XpMenu1 is invalid.
Line 206: The property name Mask:6 in XpMenu1 is invalid.
Line 207: The property name Key:6 in XpMenu1 is invalid.
Line 208: The property name Bmp:7 in XpMenu1 is invalid.
Line 209: The property name Key:7 in XpMenu1 is invalid.
Line 210: The property name Bmp:8 in XpMenu1 is invalid.
Line 211: The property name Key:8 in XpMenu1 is invalid.
Line 212: The property name Bmp:9 in XpMenu1 is invalid.
Line 213: The property name Mask:9 in XpMenu1 is invalid.
Line 214: The property name Key:9 in XpMenu1 is invalid.
Line 215: The property name Bmp:10 in XpMenu1 is invalid.
Line 216: The property name Mask:10 in XpMenu1 is invalid.
Line 217: The property name Key:10 in XpMenu1 is invalid.
Line 218: The property name Bmp:11 in XpMenu1 is invalid.
Line 219: The property name Key:11 in XpMenu1 is invalid.
Line 220: The property name Bmp:12 in XpMenu1 is invalid.
Line 221: The property name Key:12 in XpMenu1 is invalid.
Line 222: The property name Bmp:13 in XpMenu1 is invalid.
Line 223: The property name Key:13 in XpMenu1 is invalid.
Line 224: The property name Bmp:14 in XpMenu1 is invalid.
Line 225: The property name Mask:14 in XpMenu1 is invalid.
Line 226: The property name Key:14 in XpMenu1 is invalid.
Line 227: The property name Bmp:15 in XpMenu1 is invalid.
Line 228: The property name Mask:15 in XpMenu1 is invalid.
Line 229: The property name Key:15 in XpMenu1 is invalid.
Line 230: The property name Bmp:16 in XpMenu1 is invalid.
Line 231: The property name Key:16 in XpMenu1 is invalid.
Line 232: The property name Bmp:17 in XpMenu1 is invalid.
Line 233: The property name Key:17 in XpMenu1 is invalid.
Line 234: The property name Bmp:18 in XpMenu1 is invalid.
Line 235: The property name Mask:18 in XpMenu1 is invalid.
Line 236: The property name Key:18 in XpMenu1 is invalid.
