Line 78: Class HookMenu.XpMenu of control XpMenu1 was not a loaded control class.
Line 81: The property name _ExtentX in XpMenu1 is invalid.
Line 82: The property name _ExtentY in XpMenu1 is invalid.
Line 83: The property name BmpCount in XpMenu1 is invalid.
Line 84: The property name CheckBorderColor in XpMenu1 is invalid.
Line 85: The property name SelMenuBorder in XpMenu1 is invalid.
Line 86: The property name SelMenuBackColor in XpMenu1 is invalid.
Line 87: The property name SelMenuForeColor in XpMenu1 is invalid.
Line 88: The property name SelCheckBackColor in XpMenu1 is invalid.
Line 89: The property name MenuBorderColor in XpMenu1 is invalid.
Line 90: The property name SeparatorColor in XpMenu1 is invalid.
Line 91: The property name MenuBackColor in XpMenu1 is invalid.
Line 92: The property name MenuForeColor in XpMenu1 is invalid.
Line 93: The property name CheckBackColor in XpMenu1 is invalid.
Line 94: The property name CheckForeColor in XpMenu1 is invalid.
Line 95: The property name DisabledMenuBorderColor in XpMenu1 is invalid.
Line 96: The property name DisabledMenuBackColor in XpMenu1 is invalid.
Line 97: The property name DisabledMenuForeColor in XpMenu1 is invalid.
Line 98: The property name MenuBarBackColor in XpMenu1 is invalid.
Line 99: The property name MenuPopupBackColor in XpMenu1 is invalid.
Line 100: The property name ShortCutNormalColor in XpMenu1 is invalid.
Line 101: The property name ShortCutSelectColor in XpMenu1 is invalid.
Line 102: The property name ArrowNormalColor in XpMenu1 is invalid.
Line 103: The property name ArrowSelectColor in XpMenu1 is invalid.
Line 104: The property name ShadowColor in XpMenu1 is invalid.
Line 105: The property name Bmp:1 in XpMenu1 is invalid.
Line 106: The property name Key:1 in XpMenu1 is invalid.
Line 107: The property name Bmp:2 in XpMenu1 is invalid.
Line 108: The property name Key:2 in XpMenu1 is invalid.
Line 109: The property name Bmp:3 in XpMenu1 is invalid.
Line 110: The property name Key:3 in XpMenu1 is invalid.
Line 111: The property name Bmp:4 in XpMenu1 is invalid.
Line 112: The property name Key:4 in XpMenu1 is invalid.
Line 113: The property name Bmp:5 in XpMenu1 is invalid.
Line 114: The property name Mask:5 in XpMenu1 is invalid.
Line 115: The property name Key:5 in XpMenu1 is invalid.
Line 116: The property name Mask:6 in XpMenu1 is invalid.
Line 117: The property name Key:6 in XpMenu1 is invalid.
Line 118: The property name Mask:7 in XpMenu1 is invalid.
Line 119: The property name Key:7 in XpMenu1 is invalid.
Line 120: The property name Mask:8 in XpMenu1 is invalid.
Line 121: The property name Key:8 in XpMenu1 is invalid.
Line 122: The property name Bmp:9 in XpMenu1 is invalid.
Line 123: The property name Key:9 in XpMenu1 is invalid.
Line 124: The property name Bmp:10 in XpMenu1 is invalid.
Line 125: The property name Key:10 in XpMenu1 is invalid.
Line 126: The property name Bmp:11 in XpMenu1 is invalid.
Line 127: The property name Key:11 in XpMenu1 is invalid.
Line 128: The property name Bmp:12 in XpMenu1 is invalid.
Line 129: The property name Key:12 in XpMenu1 is invalid.
Line 130: The property name Bmp:13 in XpMenu1 is invalid.
Line 131: The property name Key:13 in XpMenu1 is invalid.
Line 132: The property name Bmp:14 in XpMenu1 is invalid.
Line 133: The property name Key:14 in XpMenu1 is invalid.
Line 134: The property name Bmp:15 in XpMenu1 is invalid.
Line 135: The property name Key:15 in XpMenu1 is invalid.
Line 136: The property name Bmp:16 in XpMenu1 is invalid.
Line 137: The property name Key:16 in XpMenu1 is invalid.
Line 138: The property name Bmp:17 in XpMenu1 is invalid.
Line 139: The property name Key:17 in XpMenu1 is invalid.
