Line 6257: Class MSForms.CommandButton of control cmdButton was not a loaded control class.
Line 6277: Class MSForms.CommandButton of control cmdButton was not a loaded control class.
Line 6297: Class MSForms.CommandButton of control cmdButton was not a loaded control class.
Line 6317: Class MSForms.CommandButton of control cmdButton was not a loaded control class.
Line 6337: Class MSForms.CommandButton of control cmdButton was not a loaded control class.
Line 6266: The property name Caption in cmdButton is invalid.
Line 6267: The property name PicturePosition in cmdButton is invalid.
Line 6268: The property name Size in cmdButton is invalid.
Line 6270: The property name FontEffects in cmdButton is invalid.
Line 6271: The property name FontHeight in cmdButton is invalid.
Line 6272: The property name FontCharSet in cmdButton is invalid.
Line 6273: The property name FontPitchAndFamily in cmdButton is invalid.
Line 6274: The property name ParagraphAlign in cmdButton is invalid.
Line 6275: The property name FontWeight in cmdButton is invalid.
Line 6286: The property name Caption in cmdButton is invalid.
Line 6287: The property name PicturePosition in cmdButton is invalid.
Line 6288: The property name Size in cmdButton is invalid.
Line 6290: The property name FontEffects in cmdButton is invalid.
Line 6291: The property name FontHeight in cmdButton is invalid.
Line 6292: The property name FontCharSet in cmdButton is invalid.
Line 6293: The property name FontPitchAndFamily in cmdButton is invalid.
Line 6294: The property name ParagraphAlign in cmdButton is invalid.
Line 6295: The property name FontWeight in cmdButton is invalid.
Line 6306: The property name Caption in cmdButton is invalid.
Line 6307: The property name PicturePosition in cmdButton is invalid.
Line 6308: The property name Size in cmdButton is invalid.
Line 6310: The property name FontEffects in cmdButton is invalid.
Line 6311: The property name FontHeight in cmdButton is invalid.
Line 6312: The property name FontCharSet in cmdButton is invalid.
Line 6313: The property name FontPitchAndFamily in cmdButton is invalid.
Line 6314: The property name ParagraphAlign in cmdButton is invalid.
Line 6315: The property name FontWeight in cmdButton is invalid.
Line 6297: Property FontName in cmdButton could not be set.
Line 6326: The property name Caption in cmdButton is invalid.
Line 6327: The property name PicturePosition in cmdButton is invalid.
Line 6328: The property name Size in cmdButton is invalid.
Line 6330: The property name FontEffects in cmdButton is invalid.
Line 6331: The property name FontHeight in cmdButton is invalid.
Line 6332: The property name FontCharSet in cmdButton is invalid.
Line 6333: The property name FontPitchAndFamily in cmdButton is invalid.
Line 6334: The property name ParagraphAlign in cmdButton is invalid.
Line 6335: The property name FontWeight in cmdButton is invalid.
Line 6346: The property name Caption in cmdButton is invalid.
Line 6347: The property name PicturePosition in cmdButton is invalid.
Line 6348: The property name Size in cmdButton is invalid.
Line 6350: The property name FontEffects in cmdButton is invalid.
Line 6351: The property name FontHeight in cmdButton is invalid.
Line 6352: The property name FontCharSet in cmdButton is invalid.
Line 6353: The property name FontPitchAndFamily in cmdButton is invalid.
Line 6354: The property name ParagraphAlign in cmdButton is invalid.
Line 6355: The property name FontWeight in cmdButton is invalid.
