Zeile 27: Klasse CLIENT.ChameleonButton des Steuerelements Button war keine geladene Steuerelementklasse.
Zeile 66: Klasse MSComctlLib.ImageList des Steuerelements ImageList1 war keine geladene Steuerelementklasse.
Zeile 84: Klasse CLIENT.ChameleonButton des Steuerelements Button war keine geladene Steuerelementklasse.
Zeile 123: Klasse CLIENT.ChameleonButton des Steuerelements Button war keine geladene Steuerelementklasse.
Zeile 162: Klasse MSComctlLib.ListView des Steuerelements ListSvr war keine geladene Steuerelementklasse.
Zeile 34: Der Eigenschaftsname _ExtentX in Button ist ungültig.
Zeile 35: Der Eigenschaftsname _ExtentY in Button ist ungültig.
Zeile 36: Der Eigenschaftsname BTYPE in Button ist ungültig.
Zeile 37: Der Eigenschaftsname TX in Button ist ungültig.
Zeile 38: Der Eigenschaftsname ENAB in Button ist ungültig.
Zeile 48: Der Eigenschaftsname COLTYPE in Button ist ungültig.
Zeile 49: Der Eigenschaftsname FOCUSR in Button ist ungültig.
Zeile 50: Der Eigenschaftsname BCOL in Button ist ungültig.
Zeile 51: Der Eigenschaftsname BCOLO in Button ist ungültig.
Zeile 52: Der Eigenschaftsname FCOL in Button ist ungültig.
Zeile 53: Der Eigenschaftsname FCOLO in Button ist ungültig.
Zeile 54: Der Eigenschaftsname MCOL in Button ist ungültig.
Zeile 55: Der Eigenschaftsname MPTR in Button ist ungültig.
Zeile 56: Der Eigenschaftsname MICON in Button ist ungültig.
Zeile 57: Der Eigenschaftsname UMCOL in Button ist ungültig.
Zeile 58: Der Eigenschaftsname SOFT in Button ist ungültig.
Zeile 59: Der Eigenschaftsname PICPOS in Button ist ungültig.
Zeile 60: Der Eigenschaftsname NGREY in Button ist ungültig.
Zeile 61: Der Eigenschaftsname FX in Button ist ungültig.
Zeile 62: Der Eigenschaftsname HAND in Button ist ungültig.
Zeile 63: Der Eigenschaftsname CHECK in Button ist ungültig.
Zeile 64: Der Eigenschaftsname VALUE in Button ist ungültig.
Zeile 69: Der Eigenschaftsname _ExtentX in ImageList1 ist ungültig.
Zeile 70: Der Eigenschaftsname _ExtentY in ImageList1 ist ungültig.
Zeile 72: Der Eigenschaftsname ImageWidth in ImageList1 ist ungültig.
Zeile 73: Der Eigenschaftsname ImageHeight in ImageList1 ist ungültig.
Zeile 74: Der Eigenschaftsname MaskColor in ImageList1 ist ungültig.
Zeile 75: Der Eigenschaftsname _Version in ImageList1 ist ungültig.
Zeile 82: Der Eigenschaftsname Images in ImageList1 ist ungültig.
Zeile 91: Der Eigenschaftsname _ExtentX in Button ist ungültig.
Zeile 92: Der Eigenschaftsname _ExtentY in Button ist ungültig.
Zeile 93: Der Eigenschaftsname BTYPE in Button ist ungültig.
Zeile 94: Der Eigenschaftsname TX in Button ist ungültig.
Zeile 95: Der Eigenschaftsname ENAB in Button ist ungültig.
Zeile 105: Der Eigenschaftsname COLTYPE in Button ist ungültig.
Zeile 106: Der Eigenschaftsname FOCUSR in Button ist ungültig.
Zeile 107: Der Eigenschaftsname BCOL in Button ist ungültig.
Zeile 108: Der Eigenschaftsname BCOLO in Button ist ungültig.
Zeile 109: Der Eigenschaftsname FCOL in Button ist ungültig.
Zeile 110: Der Eigenschaftsname FCOLO in Button ist ungültig.
Zeile 111: Der Eigenschaftsname MCOL in Button ist ungültig.
Zeile 112: Der Eigenschaftsname MPTR in Button ist ungültig.
Zeile 113: Der Eigenschaftsname MICON in Button ist ungültig.
Zeile 114: Der Eigenschaftsname UMCOL in Button ist ungültig.
Zeile 115: Der Eigenschaftsname SOFT in Button ist ungültig.
Zeile 116: Der Eigenschaftsname PICPOS in Button ist ungültig.
Zeile 117: Der Eigenschaftsname NGREY in Button ist ungültig.
Zeile 118: Der Eigenschaftsname FX in Button ist ungültig.
Zeile 119: Der Eigenschaftsname HAND in Button ist ungültig.
Zeile 120: Der Eigenschaftsname CHECK in Button ist ungültig.
Zeile 121: Der Eigenschaftsname VALUE in Button ist ungültig.
Zeile 130: Der Eigenschaftsname _ExtentX in Button ist ungültig.
Zeile 131: Der Eigenschaftsname _ExtentY in Button ist ungültig.
Zeile 132: Der Eigenschaftsname BTYPE in Button ist ungültig.
Zeile 133: Der Eigenschaftsname TX in Button ist ungültig.
Zeile 134: Der Eigenschaftsname ENAB in Button ist ungültig.
Zeile 144: Der Eigenschaftsname COLTYPE in Button ist ungültig.
Zeile 145: Der Eigenschaftsname FOCUSR in Button ist ungültig.
Zeile 146: Der Eigenschaftsname BCOL in Button ist ungültig.
Zeile 147: Der Eigenschaftsname BCOLO in Button ist ungültig.
Zeile 148: Der Eigenschaftsname FCOL in Button ist ungültig.
Zeile 149: Der Eigenschaftsname FCOLO in Button ist ungültig.
Zeile 150: Der Eigenschaftsname MCOL in Button ist ungültig.
Zeile 151: Der Eigenschaftsname MPTR in Button ist ungültig.
Zeile 152: Der Eigenschaftsname MICON in Button ist ungültig.
Zeile 153: Der Eigenschaftsname UMCOL in Button ist ungültig.
Zeile 154: Der Eigenschaftsname SOFT in Button ist ungültig.
Zeile 155: Der Eigenschaftsname PICPOS in Button ist ungültig.
Zeile 156: Der Eigenschaftsname NGREY in Button ist ungültig.
Zeile 157: Der Eigenschaftsname FX in Button ist ungültig.
Zeile 158: Der Eigenschaftsname HAND in Button ist ungültig.
Zeile 159: Der Eigenschaftsname CHECK in Button ist ungültig.
Zeile 160: Der Eigenschaftsname VALUE in Button ist ungültig.
Zeile 168: Der Eigenschaftsname _ExtentX in ListSvr ist ungültig.
Zeile 169: Der Eigenschaftsname _ExtentY in ListSvr ist ungültig.
Zeile 170: Der Eigenschaftsname View in ListSvr ist ungültig.
Zeile 171: Der Eigenschaftsname LabelEdit in ListSvr ist ungültig.
Zeile 172: Der Eigenschaftsname LabelWrap in ListSvr ist ungültig.
Zeile 173: Der Eigenschaftsname HideSelection in ListSvr ist ungültig.
Zeile 174: Der Eigenschaftsname FullRowSelect in ListSvr ist ungültig.
Zeile 175: Der Eigenschaftsname _Version in ListSvr ist ungültig.
Zeile 176: Der Eigenschaftsname Icons in ListSvr ist ungültig.
Zeile 177: Der Eigenschaftsname SmallIcons in ListSvr ist ungültig.
Zeile 191: Der Eigenschaftsname NumItems in ListSvr ist ungültig.
Zeile 195: Der Eigenschaftsname ColumnHeader(1) in ListSvr ist ungültig.
Zeile 200: Der Eigenschaftsname ColumnHeader(2) in ListSvr ist ungültig.
Zeile 205: Der Eigenschaftsname ColumnHeader(3) in ListSvr ist ungültig.
Zeile 210: Der Eigenschaftsname ColumnHeader(4) in ListSvr ist ungültig.
